<?xml version="1.0" encoding="UTF-8"?>
<!-- Generated by org.testng.reporters.JUnitXMLReporter -->
<testsuite hostname="KANMANI-PC" name="Default test" tests="4" failures="0" timestamp="22 Dec 2016 03:55:23 GMT" time="28.24" errors="0">
  <testcase name="validateHomePage" time="10.452" classname="com.vmetry.ntltaxi.testcases.HomePageTest"/>
  <testcase name="validateHomePage" time="1.656" classname="com.vmetry.ntltaxi.testcases.HomePageTest"/>
  <testcase name="validateHomePage" time="1.607" classname="com.vmetry.ntltaxi.testcases.HomePageTest"/>
  <testcase name="validateHomePage" time="1.778" classname="com.vmetry.ntltaxi.testcases.HomePageTest"/>
</testsuite> <!-- Default test -->
